mlrobot/build/outputs/mapping/release/seeds.txt
com.witspring.mlrobot.R
com.witspring.mlrobot.R$anim
com.witspring.mlrobot.R$anim: int abc_fade_in
com.witspring.mlrobot.R$anim: int abc_fade_out
com.witspring.mlrobot.R$anim: int abc_grow_fade_in_from_bottom
com.witspring.mlrobot.R$anim: int abc_popup_enter
com.witspring.mlrobot.R$anim: int abc_popup_exit
com.witspring.mlrobot.R$anim: int abc_shrink_fade_out_from_bottom
com.witspring.mlrobot.R$anim: int abc_slide_in_bottom
com.witspring.mlrobot.R$anim: int abc_slide_in_top
com.witspring.mlrobot.R$anim: int abc_slide_out_bottom
com.witspring.mlrobot.R$anim: int abc_slide_out_top
com.witspring.mlrobot.R$anim: int decelerate_cubic
com.witspring.mlrobot.R$anim: int design_bottom_sheet_slide_in
com.witspring.mlrobot.R$anim: int design_bottom_sheet_slide_out
com.witspring.mlrobot.R$anim: int design_snackbar_in
com.witspring.mlrobot.R$anim: int design_snackbar_out
com.witspring.mlrobot.R$anim: int popup_enter
com.witspring.mlrobot.R$anim: int popup_exit
com.witspring.mlrobot.R$anim: int tooltip_enter
com.witspring.mlrobot.R$anim: int tooltip_exit
com.witspring.mlrobot.R$animator
com.witspring.mlrobot.R$animator: int design_appbar_state_list_animator
com.witspring.mlrobot.R$attr
com.witspring.mlrobot.R$attr: int actionBarDivider
com.witspring.mlrobot.R$attr: int actionBarItemBackground
com.witspring.mlrobot.R$attr: int actionBarPopupTheme
com.witspring.mlrobot.R$attr: int actionBarSize
com.witspring.mlrobot.R$attr: int actionBarSplitStyle
com.witspring.mlrobot.R$attr: int actionBarStyle
com.witspring.mlrobot.R$attr: int actionBarTabBarStyle
com.witspring.mlrobot.R$attr: int actionBarTabStyle
com.witspring.mlrobot.R$attr: int actionBarTabTextStyle
com.witspring.mlrobot.R$attr: int actionBarTheme
com.witspring.mlrobot.R$attr: int actionBarWidgetTheme
com.witspring.mlrobot.R$attr: int actionButtonStyle
com.witspring.mlrobot.R$attr: int actionDropDownStyle
com.witspring.mlrobot.R$attr: int actionLayout
com.witspring.mlrobot.R$attr: int actionMenuTextAppearance
com.witspring.mlrobot.R$attr: int actionMenuTextColor
com.witspring.mlrobot.R$attr: int actionModeBackground
com.witspring.mlrobot.R$attr: int actionModeCloseButtonStyle
com.witspring.mlrobot.R$attr: int actionModeCloseDrawable
com.witspring.mlrobot.R$attr: int actionModeCopyDrawable
com.witspring.mlrobot.R$attr: int actionModeCutDrawable
com.witspring.mlrobot.R$attr: int actionModeFindDrawable
com.witspring.mlrobot.R$attr: int actionModePasteDrawable
com.witspring.mlrobot.R$attr: int actionModePopupWindowStyle
com.witspring.mlrobot.R$attr: int actionModeSelectAllDrawable
com.witspring.mlrobot.R$attr: int actionModeShareDrawable
com.witspring.mlrobot.R$bool
com.witspring.mlrobot.R$bool: int abc_action_bar_embed_tabs
com.witspring.mlrobot.R$bool: int abc_allow_stacked_button_bar
com.witspring.mlrobot.R$bool: int abc_config_actionMenuItemAllCaps
com.witspring.mlrobot.R$bool: int abc_config_closeDialogWhenTouchOutside
com.witspring.mlrobot.R$bool: int abc_config_showMenuShortcutsWhenKeyboardPresent
...
android.databinding.layouts.DataBindingInfo
android.databinding.layouts.DataBindingInfo: DataBindingInfo()
android.support.compat.R
android.support.compat.R$attr
android.support.compat.R$attr: int font
android.support.compat.R$attr: int fontProviderAuthority
android.support.compat.R$attr: int fontProviderCerts
android.support.compat.R$attr: int fontProviderFetchStrategy
android.support.compat.R$attr: int fontProviderFetchTimeout
android.support.compat.R$attr: int fontProviderPackage
android.support.compat.R$attr: int fontProviderQuery
android.support.compat.R$attr: int fontStyle
android.support.compat.R$attr: int fontWeight
android.support.compat.R$bool
android.support.compat.R$bool: int abc_action_bar_embed_tabs
android.support.compat.R$color
android.support.compat.R$color: int notification_action_color_filter
android.support.compat.R$color: int notification_icon_bg_color
android.support.compat.R$color: int ripple_material_light
android.support.compat.R$color: int secondary_text_default_material_light
android.support.compat.R$dimen
android.support.compat.R$dimen: int compat_button_inset_horizontal_material
android.support.compat.R$dimen: int compat_button_inset_vertical_material
android.support.compat.R$dimen: int compat_button_padding_horizontal_material
android.support.compat.R$dimen: int compat_button_padding_vertical_material
android.support.compat.R$dimen: int compat_control_corner_material
android.support.compat.R$dimen: int notification_action_icon_size
android.support.compat.R$dimen: int notification_action_text_size
android.support.compat.R$dimen: int notification_big_circle_margin
android.support.compat.R$dimen: int notification_content_margin_start
android.support.compat.R$dimen: int notification_large_icon_height
android.support.compat.R$dimen: int notification_large_icon_width
android.support.compat.R$dimen: int notification_main_column_padding_top
android.support.compat.R$dimen: int notification_media_narrow_margin
android.support.compat.R$dimen: int notification_right_icon_size
android.support.compat.R$dimen: int notification_right_side_padding_top
android.support.compat.R$dimen: int notification_small_icon_background_padding
android.support.compat.R$dimen: int notification_small_icon_size_as_large
android.support.compat.R$dimen: int notification_subtext_size
android.support.compat.R$dimen: int notification_top_pad
android.support.compat.R$dimen: int notification_top_pad_large_text
android.support.compat.R$drawable
android.support.compat.R$drawable: int notification_action_background
android.support.compat.R$drawable: int notification_bg
android.support.compat.R$drawable: int notification_bg_low
android.support.compat.R$drawable: int notification_bg_low_normal
android.support.compat.R$drawable: int notification_bg_low_pressed
android.support.compat.R$drawable: int notification_bg_normal
android.support.compat.R$drawable: int notification_bg_normal_pressed
android.support.compat.R$drawable: int notification_icon_background
android.support.compat.R$drawable: int notification_template_icon_bg
android.support.compat.R$drawable: int notification_template_icon_low_bg
android.support.compat.R$drawable: int notification_tile_bg
android.support.compat.R$drawable: int notify_panel_notification_icon_bg