mlrobot/build/outputs/mapping/release/mapping.txt
com.witspring.mlrobot.R -> com.witspring.mlrobot.R:
    void <init>() -> <init>
com.witspring.mlrobot.R$anim -> com.witspring.mlrobot.R$anim:
    int abc_fade_in -> abc_fade_in
    int abc_fade_out -> abc_fade_out
    int abc_grow_fade_in_from_bottom -> abc_grow_fade_in_from_bottom
    int abc_popup_enter -> abc_popup_enter
    int abc_popup_exit -> abc_popup_exit
    int abc_shrink_fade_out_from_bottom -> abc_shrink_fade_out_from_bottom
    int abc_slide_in_bottom -> abc_slide_in_bottom
    int abc_slide_in_top -> abc_slide_in_top
    int abc_slide_out_bottom -> abc_slide_out_bottom
    int abc_slide_out_top -> abc_slide_out_top
    int decelerate_cubic -> decelerate_cubic
    int design_bottom_sheet_slide_in -> design_bottom_sheet_slide_in
    int design_bottom_sheet_slide_out -> design_bottom_sheet_slide_out
    int design_snackbar_in -> design_snackbar_in
    int design_snackbar_out -> design_snackbar_out
    int popup_enter -> popup_enter
    int popup_exit -> popup_exit
    int tooltip_enter -> tooltip_enter
    int tooltip_exit -> tooltip_exit
    void <init>() -> <init>
    void <clinit>() -> <clinit>
com.witspring.mlrobot.R$animator -> com.witspring.mlrobot.R$animator:
    int design_appbar_state_list_animator -> design_appbar_state_list_animator
    void <init>() -> <init>
    void <clinit>() -> <clinit>
com.witspring.mlrobot.R$attr -> com.witspring.mlrobot.R$attr:
    int actionBarDivider -> actionBarDivider
    int actionBarItemBackground -> actionBarItemBackground
    int actionBarPopupTheme -> actionBarPopupTheme
    int actionBarSize -> actionBarSize
    int actionBarSplitStyle -> actionBarSplitStyle
    int actionBarStyle -> actionBarStyle
    int actionBarTabBarStyle -> actionBarTabBarStyle
    int actionBarTabStyle -> actionBarTabStyle
    int actionBarTabTextStyle -> actionBarTabTextStyle
    int actionBarTheme -> actionBarTheme
    int actionBarWidgetTheme -> actionBarWidgetTheme
    int actionButtonStyle -> actionButtonStyle
    int actionDropDownStyle -> actionDropDownStyle
    int actionLayout -> actionLayout
    int actionMenuTextAppearance -> actionMenuTextAppearance
    int actionMenuTextColor -> actionMenuTextColor
    int actionModeBackground -> actionModeBackground
    int actionModeCloseButtonStyle -> actionModeCloseButtonStyle
    int actionModeCloseDrawable -> actionModeCloseDrawable
    int actionModeCopyDrawable -> actionModeCopyDrawable
    int actionModeCutDrawable -> actionModeCutDrawable
    int actionModeFindDrawable -> actionModeFindDrawable
    int actionModePasteDrawable -> actionModePasteDrawable
    int actionModePopupWindowStyle -> actionModePopupWindowStyle
    int actionModeSelectAllDrawable -> actionModeSelectAllDrawable
    int actionModeShareDrawable -> actionModeShareDrawable
com.witspring.mlrobot.R$bool -> com.witspring.mlrobot.R$bool:
    int abc_action_bar_embed_tabs -> abc_action_bar_embed_tabs
    int abc_allow_stacked_button_bar -> abc_allow_stacked_button_bar
    int abc_config_actionMenuItemAllCaps -> abc_config_actionMenuItemAllCaps
    int abc_config_closeDialogWhenTouchOutside -> abc_config_closeDialogWhenTouchOutside
    int abc_config_showMenuShortcutsWhenKeyboardPresent -> abc_config_showMenuShortcutsWhenKeyboardPresent
    void <init>() -> <init>
    void <clinit>() -> <clinit>
...
com.witspring.unitdisease.contract.DiseaseContract -> com.witspring.unitdisease.b.a:
com.witspring.unitdisease.contract.DiseaseContract$Presenter -> com.witspring.unitdisease.b.a$a:
    com.witspring.unitdisease.contract.DiseaseContract$View mView -> a
    com.witspring.unitdisease.model.DiseaseApi diseaseApi -> b
    void <init>(com.witspring.unitdisease.contract.DiseaseContract$View) -> <init>
    void getDiseaseInfoByName(java.lang.String,java.lang.String,int,int) -> a
    com.witspring.unitdisease.contract.DiseaseContract$View access$000(com.witspring.unitdisease.contract.DiseaseContract$Presenter) -> a
com.witspring.unitdisease.contract.DiseaseContract$Presenter$1 -> com.witspring.unitdisease.b.a$a$1:
    com.witspring.unitdisease.contract.DiseaseContract$Presenter this$0 -> a
    void <init>(com.witspring.unitdisease.contract.DiseaseContract$Presenter) -> <init>
    void onResult(com.witspring.model.entity.Result) -> a
com.witspring.unitdisease.contract.DiseaseContract$View -> com.witspring.unitdisease.b.a$b:
    void showDiseaseInfo(com.witspring.model.entity.Disease) -> a
    void showNoData() -> b
com.witspring.unitdisease.contract.MedicineContract -> com.witspring.unitdisease.b.b:
com.witspring.unitdisease.contract.MedicineContract$Presenter -> com.witspring.unitdisease.b.b$a:
    com.witspring.unitdisease.contract.MedicineContract$View mView -> a
    com.witspring.unitdisease.model.DiseaseApi diseaseApi -> b
    void <init>(com.witspring.unitdisease.contract.MedicineContract$View) -> <init>
    void getMedicines(int,java.lang.String,int,int) -> a
    void getMedicineDetailById(long,int,int) -> a
    com.witspring.unitdisease.contract.MedicineContract$View access$000(com.witspring.unitdisease.contract.MedicineContract$Presenter) -> a
com.witspring.unitdisease.contract.MedicineContract$Presenter$1 -> com.witspring.unitdisease.b.b$a$1:
    com.witspring.unitdisease.contract.MedicineContract$Presenter this$0 -> a
    void <init>(com.witspring.unitdisease.contract.MedicineContract$Presenter) -> <init>
    void onResult(com.witspring.model.entity.Result) -> a
com.witspring.unitdisease.contract.MedicineContract$Presenter$2 -> com.witspring.unitdisease.b.b$a$2:
    com.witspring.unitdisease.contract.MedicineContract$Presenter this$0 -> a
    void <init>(com.witspring.unitdisease.contract.MedicineContract$Presenter) -> <init>
    void onResult(com.witspring.model.entity.Result) -> a
com.witspring.unitdisease.contract.MedicineContract$View -> com.witspring.unitdisease.b.b$b:
    void showMedicines(java.util.ArrayList) -> a
    void showMedicineDetail(com.witspring.model.entity.Medicine) -> a
    void showNoData() -> a_
com.witspring.unitdisease.fragment.DiseaseCureFragment -> com.witspring.unitdisease.c.a:
    com.witspring.mlrobot.databinding.WsdiseFragmentDiseaseCureBinding binding -> c
    com.witspring.unitdisease.DiseaseActivity mActivity -> d
    void <init>() -> <init>
    void onCreate(android.os.Bundle) -> onCreate
    android.view.View onCreateView(android.view.LayoutInflater,android.view.ViewGroup,android.os.Bundle) -> onCreateView
    void initViews() -> b
    java.lang.String dealContentForShowClean(java.lang.String) -> b
    void onStart() -> onStart
com.witspring.unitdisease.fragment.DiseaseDiagFragment -> com.witspring.unitdisease.c.b:
    com.witspring.mlrobot.databinding.WsdiseFragmentDiseaseDiagBinding binding -> c
    com.witspring.unitdisease.DiseaseActivity mActivity -> d
    void <init>() -> <init>
    void onCreate(android.os.Bundle) -> onCreate
    android.view.View onCreateView(android.view.LayoutInflater,android.view.ViewGroup,android.os.Bundle) -> onCreateView
    void iniViews() -> b
    java.lang.String dealContentForShowClean(java.lang.String) -> b