mlrobot/build/outputs/mapping/release/usage.txt
com.witspring.mlrobot.BR
com.witspring.mlrobot.BuildConfig
...
com.witspring.base.BaseActivity$DialogActionListener:
    246:246:public void onNeutral()
    247:247:public void onAny(java.lang.String)
com.witspring.base.BaseFragment:
    29:29:public boolean hasInited()
    32:32:public void refresh()
    47:48:public void startLoading(java.lang.String)
    51:52:public void startLoadingAlawy()
    63:64:public void showToastLong(java.lang.String)
    67:68:public void warningNoConnect()
    71:72:public void warningUnknow()
    75:76:public void warningNoData()
com.witspring.base.BaseView:
    public abstract android.content.Context getContext()
    public abstract void startLoadingAlway()
    public abstract void showToastShort(java.lang.String)
    public abstract void showToastLong(java.lang.String)
    public abstract void warningNoConnect()
    public abstract void warningNoData()
com.witspring.model.BaseApi$CQStringCallback
com.witspring.model.Constants
com.witspring.model.InfoFile
com.witspring.model.entity.CommItem
com.witspring.model.entity.Disease:
    private static final long serialVersionUID
    private java.util.List relateMedicines
    36:36:public java.lang.String getName()
    68:68:public java.util.List getRelateMedicines()
    72:73:public void setRelateMedicines(java.util.List)
com.witspring.model.entity.DiseaseImg:
    14:14:public int getOrderIndex()
    30:30:public java.lang.String getThumbPhoto()
com.witspring.model.entity.Medicine:
    private static final long serialVersionUID
    public static final int PRESCRIPTION_YES
    public static final int PRESCRIPTION_NO
    public static final int PRESCRIPTION_NULL
    public static final int SUPPORT_INSURANCE_YES
    public static final int SUPPORT_INSURANCE_NO
    49:49:public int getStatus()
    105:105:public java.lang.String getImgUrl()
    177:177:public int getBuyFlag()
    185:185:public long getPharmacyId()
com.witspring.model.entity.Member:
    private static final long serialVersionUID
    private long id
    public boolean checked
    30:35:public Member(int,int,java.lang.String,long)
    71:71:public boolean isEqual(com.witspring.model.entity.Member)
    75:75:public long getId()
    79:80:public void setId(long)
    156:173:public int getAgeRange()
    177:177:public java.lang.String getAgeStr()
    180:180:public static java.lang.String getAgeStr(int)
    184:184:public long getTimestamp()
com.witspring.model.entity.Result:
    private int flag
    public static final int STATUS_SUCCESS
    public static final int STATUS_LACK_PARAM
    public static final int STATUS_NOT_LOGIN
    public static final int STATUS_NOT_UPDATE
    public static final int STATUS_NETWORK_ERROR
    public static final int STATUS_FAIL
    public static final int STATUS_DATA_ERROR
    48:48:public java.lang.String getCode()
    51:52:public void setCode(java.lang.String)
    63:64:public void setMsg(java.lang.String)
    72:72:public int getFlag()
    75:76:public void setFlag(int)
com.witspring.model.entity.UserInfo
com.witspring.unitbody.AddMemberActivity:
    public static final int TYPE_INIT
    public static final int TYPE_SMALL_THREE
    public static final int TYPE_LARGER_THREE
com.witspring.unitbody.BodyActivity:
    public static final int PRESSED_PART_NULL
com.witspring.unitbody.InquiryActivity:
    147:162:public void chatResultBackNow(java.lang.String)
com.witspring.unitbody.InquiryActivity$4
com.witspring.unitbody.contract.InquiryContract$View:
    public abstract void chatResultBackNow(java.lang.String)
com.witspring.unitbody.model.BodyApi:
    public static final java.lang.String URL_BODY_TOP_ORGANS
    public static final java.lang.String URL_COMMON_SYMPTOMS
    public static final java.lang.String URL_ORGANS_AND_SYMPTOMS
com.witspring.unitbody.model.InquiryApi:
    public static final java.lang.String Tag_chat_Init
    public static final java.lang.String Tag_chat_Next_Step
    public static final java.lang.String Tag_chat_Result_Back_Now